Loaded plugins: fastestmirror
Loading mirror speeds from cached hostfile
Package net-tools-2.0-0.17.20131004git.el7.x86_64 already installed and latest version
Resolving Dependencies
--> Running transaction check
---> Package vim-enhanced.x86_64 2:7.4.160-1.el7 will be updated
---> Package vim-enhanced.x86_64 2:7.4.160-1.el7_3.1 will be an update
--> Processing Dependency: vim-common = 2:7.4.160-1.el7_3.1 for package: 2:vim-enhanced-7.4.160-1.el7_3.1.x86_64
--> Running transaction check
---> Package vim-common.x86_64 2:7.4.160-1.el7 will be updated
---> Package vim-common.x86_64 2:7.4.160-1.el7_3.1 will be an update
--> Finished Dependency Resolution

Dependencies Resolved

================================================================================
 Package            Arch         Version                    Repository     Size
================================================================================
Updating:
 vim-enhanced       x86_64       2:7.4.160-1.el7_3.1        updates       1.0 M
Updating for dependencies:
 vim-common         x86_64       2:7.4.160-1.el7_3.1        updates       5.9 M

Transaction Summary
================================================================================
Upgrade  1 Package (+1 Dependent package)

Total download size: 7.0 M
Downloading packages:
Delta RPMs disabled because /usr/bin/applydeltarpm not installed.
--------------------------------------------------------------------------------
Total                                              1.0 MB/s | 7.0 MB  00:06     
Running transaction check
Running transaction test
Transaction test succeeded
Running transaction
  Updating   : 2:vim-common-7.4.160-1.el7_3.1.x86_64                        1/4 
  Updating   : 2:vim-enhanced-7.4.160-1.el7_3.1.x86_64                      2/4 
  Cleanup    : 2:vim-enhanced-7.4.160-1.el7.x86_64                          3/4 
  Cleanup    : 2:vim-common-7.4.160-1.el7.x86_64                            4/4 
  Verifying  : 2:vim-enhanced-7.4.160-1.el7_3.1.x86_64                      1/4 
  Verifying  : 2:vim-common-7.4.160-1.el7_3.1.x86_64                        2/4 
  Verifying  : 2:vim-common-7.4.160-1.el7.x86_64                            3/4 
  Verifying  : 2:vim-enhanced-7.4.160-1.el7.x86_64                          4/4 

Updated:
  vim-enhanced.x86_64 2:7.4.160-1.el7_3.1                                       

Dependency Updated:
  vim-common.x86_64 2:7.4.160-1.el7_3.1                                         

Complete!
Loaded plugins: fastestmirror
Loading mirror speeds from cached hostfile
Package net-tools-2.0-0.17.20131004git.el7.x86_64 already installed and latest version
Package 2:vim-enhanced-7.4.160-1.el7_3.1.x86_64 already installed and latest version
Nothing to do
Loaded plugins: fastestmirror
Loading mirror speeds from cached hostfile
Package net-tools-2.0-0.17.20131004git.el7.x86_64 already installed and latest version
Package 2:vim-enhanced-7.4.160-1.el7_3.1.x86_64 already installed and latest version
Nothing to do
Loaded plugins: fastestmirror
Loading mirror speeds from cached hostfile
Package net-tools-2.0-0.17.20131004git.el7.x86_64 already installed and latest version
Package 2:vim-enhanced-7.4.160-1.el7_3.1.x86_64 already installed and latest version
Nothing to do
Loaded plugins: fastestmirror
Loading mirror speeds from cached hostfile
Package net-tools-2.0-0.17.20131004git.el7.x86_64 already installed and latest version
Package 2:vim-enhanced-7.4.160-1.el7_3.1.x86_64 already installed and latest version
Nothing to do
Loaded plugins: fastestmirror
Loading mirror speeds from cached hostfile
Package net-tools-2.0-0.17.20131004git.el7.x86_64 already installed and latest version
Package 2:vim-enhanced-7.4.160-1.el7_3.1.x86_64 already installed and latest version
Nothing to do
Loaded plugins: fastestmirror
Loading mirror speeds from cached hostfile
Package net-tools-2.0-0.17.20131004git.el7.x86_64 already installed and latest version
Package 2:vim-enhanced-7.4.160-1.el7_3.1.x86_64 already installed and latest version
Nothing to do
Loaded plugins: fastestmirror
Loading mirror speeds from cached hostfile
Package net-tools-2.0-0.17.20131004git.el7.x86_64 already installed and latest version
Package 2:vim-enhanced-7.4.160-1.el7_3.1.x86_64 already installed and latest version
Nothing to do
Loaded plugins: fastestmirror
Loading mirror speeds from cached hostfile
Package net-tools-2.0-0.17.20131004git.el7.x86_64 already installed and latest version
Package 2:vim-enhanced-7.4.160-1.el7_3.1.x86_64 already installed and latest version
Nothing to do
Loaded plugins: fastestmirror
Loading mirror speeds from cached hostfile
Package net-tools-2.0-0.17.20131004git.el7.x86_64 already installed and latest version
Package 2:vim-enhanced-7.4.160-1.el7_3.1.x86_64 already installed and latest version
Nothing to do
Loaded plugins: fastestmirror
Loading mirror speeds from cached hostfile
Package net-tools-2.0-0.17.20131004git.el7.x86_64 already installed and latest version
Package 2:vim-enhanced-7.4.160-1.el7_3.1.x86_64 already installed and latest version
Nothing to do
Loaded plugins: fastestmirror
Loading mirror speeds from cached hostfile
Package net-tools-2.0-0.17.20131004git.el7.x86_64 already installed and latest version
Package 2:vim-enhanced-7.4.160-1.el7_3.1.x86_64 already installed and latest version
Nothing to do
Loaded plugins: fastestmirror
Loading mirror speeds from cached hostfile
Package net-tools-2.0-0.17.20131004git.el7.x86_64 already installed and latest version
Package 2:vim-enhanced-7.4.160-1.el7_3.1.x86_64 already installed and latest version
Nothing to do
Loaded plugins: fastestmirror
No such command: instal. Please use /usr/bin/yum --help
Loaded plugins: fastestmirror
No such command: instal. Please use /usr/bin/yum --help
Loaded plugins: fastestmirror
No such command: instal. Please use /usr/bin/yum --help
Loaded plugins: fastestmirror
No such command: instal. Please use /usr/bin/yum --help
Loaded plugins: fastestmirror
No such command: instal. Please use /usr/bin/yum --help
Loaded plugins: fastestmirror
No such command: instal. Please use /usr/bin/yum --help
Loaded plugins: fastestmirror
No such command: instal. Please use /usr/bin/yum --help
